<?xml version="1.0" encoding="UTF-8"?>
<!-- Generated by org.testng.reporters.JUnitReportReporter -->
<testsuite skipped="0" hostname="LAPTOP-FA7HCPJA" name="testcases.TC_HomePageTest_002" tests="1" failures="0" timestamp="2020-04-04T16:12:50 IST" time="40.546" errors="0">
  <testcase name="homePagetest" time="40.546" classname="testcases.TC_HomePageTest_002"/>
  <system-out/>
</testsuite> <!-- testcases.TC_HomePageTest_002 -->
