<?xml version="1.0" encoding="UTF-8"?>
<!-- Generated by org.testng.reporters.JUnitReportReporter -->
<testsuite skipped="0" hostname="LAPTOP-FA7HCPJA" name="testcases.TC_LoginTest_001" tests="1" failures="0" timestamp="2020-04-04T15:56:15 IST" time="19.332" errors="0">
  <testcase name="loginTest" time="19.332" classname="testcases.TC_LoginTest_001"/>
  <system-out/>
</testsuite> <!-- testcases.TC_LoginTest_001 -->
