<?xml version="1.0" encoding="UTF-8"?>
<!-- Generated by org.testng.reporters.JUnitReportReporter -->
<testsuite skipped="0" hostname="LAPTOP-FA7HCPJA" name="testcases.TC_LogOutTest_003" tests="1" failures="0" timestamp="2020-04-04T19:36:38 IST" time="28.177" errors="0">
  <testcase name="lgoutpagetest" time="28.177" classname="testcases.TC_LogOutTest_003"/>
  <system-out/>
</testsuite> <!-- testcases.TC_LogOutTest_003 -->
